Loaded navigation cache
/home/ubuntu/orbis/Bots/PythonAI
Welcome AmberPythonAI
Connected
[TIME] 4 ms
[TIME] 4 ms
[TIME] 4 ms
[TIME] 4 ms
[TIME] 4 ms
[TIME] 4 ms
[TIME] 4 ms
[TIME] 4 ms
[TIME] 4 ms
[TIME] 4 ms
[TIME] 3 ms
[TIME] 3 ms
[TIME] 3 ms
[TIME] 3 ms
[TIME] 3 ms
[TIME] 3 ms
[TIME] 3 ms
[TIME] 3 ms
[TIME] 4 ms
[TIME] 3 ms
[TIME] 3 ms
[TIME] 3 ms
[TIME] 3 ms
[TIME] 3 ms
[TIME] 3 ms
[TIME] 3 ms
[TIME] 3 ms
[TIME] 3 ms
[TIME] 3 ms
[TIME] 3 ms
[TIME] 3 ms
[TIME] 3 ms
[TIME] 3 ms
[TIME] 3 ms
[TIME] 3 ms
[TIME] 3 ms
[TIME] 3 ms
[TIME] 3 ms
[TIME] 3 ms
[TIME] 3 ms
[TIME] 3 ms
[TIME] 3 ms
[TIME] 3 ms
[TIME] 3 ms
[TIME] 3 ms
[TIME] 3 ms
[TIME] 3 ms
[TIME] 3 ms
[TIME] 3 ms
[TIME] 3 ms
[TIME] 4 ms
[TIME] 3 ms
[TIME] 3 ms
[TIME] 3 ms
[TIME] 3 ms
[TIME] 3 ms
[TIME] 3 ms
[TIME] 3 ms
[TIME] 3 ms
[TIME] 3 ms
[TIME] 2 ms
[TIME] 3 ms
[TIME] 3 ms
[TIME] 3 ms
[TIME] 3 ms
[TIME] 3 ms
[TIME] 3 ms
[TIME] 3 ms
[TIME] 3 ms
[TIME] 3 ms
[TIME] 3 ms
[TIME] 3 ms
[TIME] 3 ms
[TIME] 2 ms
[TIME] 2 ms
[TIME] 2 ms
[TIME] 3 ms
[TIME] 3 ms
[TIME] 3 ms
[TIME] 3 ms
[TIME] 3 ms
[TIME] 3 ms
[TIME] 3 ms
[TIME] 3 ms
[TIME] 3 ms
[TIME] 3 ms
[TIME] 3 ms
[TIME] 3 ms
[TIME] 3 ms
[TIME] 3 ms
[TIME] 3 ms
[TIME] 3 ms
[TIME] 3 ms
[TIME] 3 ms
[TIME] 3 ms
[TIME] 3 ms
[TIME] 3 ms
[TIME] 3 ms
[TIME] 3 ms
[TIME] 3 ms
[TIME] 3 ms
[TIME] 3 ms
[TIME] 3 ms
[TIME] 3 ms
[TIME] 3 ms
[TIME] 3 ms
[TIME] 3 ms
[TIME] 3 ms
[TIME] 3 ms
[TIME] 3 ms
[TIME] 3 ms
[TIME] 3 ms
[TIME] 3 ms
[TIME] 3 ms
[TIME] 3 ms
[TIME] 3 ms
[TIME] 3 ms
[TIME] 3 ms
[TIME] 3 ms
[TIME] 3 ms
[TIME] 3 ms
[TIME] 3 ms
[TIME] 3 ms
[TIME] 3 ms
[TIME] 3 ms
[TIME] 3 ms
[TIME] 3 ms
[TIME] 3 ms
[TIME] 3 ms
[TIME] 2 ms
[TIME] 2 ms
[TIME] 2 ms
[TIME] 2 ms
[TIME] 2 ms
[TIME] 2 ms
[TIME] 2 ms
[TIME] 2 ms
[TIME] 2 ms
[TIME] 2 ms
[TIME] 2 ms
[TIME] 2 ms
[TIME] 2 ms
[TIME] 2 ms
[TIME] 3 ms
[TIME] 3 ms
[TIME] 2 ms
[TIME] 2 ms
[TIME] 2 ms
[TIME] 3 ms
[TIME] 3 ms
[TIME] 2 ms
[TIME] 2 ms
[TIME] 2 ms
[TIME] 2 ms
[TIME] 2 ms
[TIME] 2 ms
[TIME] 2 ms
[TIME] 3 ms
[TIME] 2 ms
[TIME] 2 ms
[TIME] 2 ms
[TIME] 2 ms
[TIME] 2 ms
[TIME] 2 ms
[TIME] 2 ms
[TIME] 2 ms
[TIME] 2 ms
[TIME] 2 ms
[TIME] 2 ms
[TIME] 2 ms
[TIME] 2 ms
[TIME] 2 ms
[TIME] 2 ms
[TIME] 2 ms
[TIME] 3 ms
[TIME] 2 ms
[TIME] 2 ms
[TIME] 2 ms
[TIME] 2 ms
[TIME] 2 ms
[TIME] 2 ms
[TIME] 2 ms
[TIME] 2 ms
[TIME] 2 ms
[TIME] 2 ms
[TIME] 2 ms
[TIME] 2 ms
[TIME] 2 ms
[TIME] 2 ms
[TIME] 2 ms
[TIME] 4 ms
[TIME] 2 ms
[TIME] 2 ms
[TIME] 2 ms
[TIME] 2 ms
[TIME] 2 ms
[TIME] 2 ms
[TIME] 2 ms
[TIME] 2 ms
[TIME] 2 ms
[TIME] 2 ms
[TIME] 2 ms
[TIME] 2 ms
[TIME] 2 ms
[TIME] 2 ms
[TIME] 2 ms
[TIME] 2 ms
[TIME] 2 ms
[TIME] 2 ms
[TIME] 2 ms
[TIME] 3 ms
[TIME] 3 ms
[TIME] 3 ms
[TIME] 3 ms
[TIME] 3 ms
[TIME] 2 ms
[TIME] 3 ms
[TIME] 2 ms
[TIME] 2 ms
[TIME] 2 ms
[TIME] 2 ms
[TIME] 2 ms
[TIME] 2 ms
[TIME] 2 ms
[TIME] 2 ms
[TIME] 3 ms
[TIME] 2 ms
[TIME] 2 ms
[TIME] 2 ms
[TIME] 2 ms
[TIME] 3 ms
[TIME] 3 ms
[TIME] 3 ms
[TIME] 3 ms
[TIME] 3 ms
[TIME] 3 ms
[TIME] 3 ms
[TIME] 2 ms
[TIME] 2 ms
[TIME] 2 ms
[TIME] 2 ms
[TIME] 2 ms
[TIME] 2 ms
[TIME] 2 ms
[TIME] 2 ms
[TIME] 2 ms
[TIME] 2 ms
[TIME] 3 ms
[TIME] 2 ms
[TIME] 2 ms
[TIME] 2 ms
[TIME] 3 ms
[TIME] 2 ms
[TIME] 2 ms
[TIME] 2 ms
[TIME] 2 ms
[TIME] 2 ms
[TIME] 2 ms
[TIME] 3 ms
[TIME] 3 ms
[TIME] 2 ms
[TIME] 2 ms
[TIME] 2 ms
[TIME] 2 ms
[TIME] 2 ms
[TIME] 2 ms
[TIME] 2 ms
[TIME] 2 ms
[TIME] 2 ms
[TIME] 2 ms
[TIME] 2 ms
[TIME] 2 ms
[TIME] 2 ms
[TIME] 2 ms
[TIME] 2 ms
[TIME] 2 ms
[TIME] 2 ms
[TIME] 2 ms
[TIME] 2 ms
[TIME] 2 ms
[TIME] 2 ms
[TIME] 2 ms
[TIME] 2 ms
[TIME] 3 ms
[TIME] 2 ms
[TIME] 2 ms
[TIME] 2 ms
[TIME] 2 ms
[TIME] 2 ms
[TIME] 2 ms
[TIME] 2 ms
[TIME] 2 ms
[TIME] 2 ms
[TIME] 2 ms
[TIME] 2 ms
[TIME] 2 ms
[TIME] 2 ms
[TIME] 2 ms
[TIME] 2 ms
[TIME] 2 ms
[TIME] 2 ms
[TIME] 2 ms
[TIME] 2 ms
[TIME] 2 ms
[TIME] 2 ms
[TIME] 1 ms
[TIME] 2 ms
[TIME] 1 ms
[TIME] 1 ms
[TIME] 2 ms
[TIME] 2 ms
[TIME] 1 ms
[TIME] 2 ms
[TIME] 2 ms
[TIME] 2 ms
[TIME] 2 ms
[TIME] 2 ms
[TIME] 2 ms
[TIME] 11 ms
[TIME] 2 ms
[TIME] 2 ms
[TIME] 2 ms
[TIME] 3 ms
[TIME] 2 ms
[TIME] 2 ms
[TIME] 2 ms
[TIME] 2 ms
[TIME] 2 ms
[TIME] 2 ms
[TIME] 2 ms
[TIME] 1 ms
[TIME] 1 ms
[TIME] 2 ms
[TIME] 1 ms
[TIME] 2 ms
[TIME] 2 ms
[TIME] 1 ms
[TIME] 1 ms
[TIME] 1 ms
[TIME] 1 ms
[TIME] 1 ms
[TIME] 1 ms
[TIME] 2 ms
[TIME] 1 ms
[TIME] 2 ms
[TIME] 2 ms
[TIME] 1 ms
[TIME] 1 ms
[TIME] 1 ms
[TIME] 1 ms
[TIME] 1 ms
[TIME] 2 ms
[TIME] 2 ms
[TIME] 1 ms
[TIME] 1 ms
[TIME] 1 ms
[TIME] 1 ms
[TIME] 1 ms
[TIME] 1 ms
[TIME] 1 ms
[TIME] 1 ms
[TIME] 1 ms
[TIME] 1 ms
[TIME] 1 ms
[TIME] 1 ms
[TIME] 1 ms
[TIME] 1 ms
[TIME] 1 ms
[TIME] 1 ms
[TIME] 1 ms
[TIME] 1 ms
[TIME] 1 ms
[TIME] 1 ms
[TIME] 1 ms
[TIME] 1 ms
[TIME] 1 ms
[TIME] 1 ms
[TIME] 2 ms
[TIME] 1 ms
[TIME] 2 ms
[TIME] 3 ms
[TIME] 3 ms
[TIME] 2 ms
[TIME] 2 ms
[TIME] 1 ms
[TIME] 2 ms
[TIME] 2 ms
[TIME] 2 ms
[TIME] 2 ms
[TIME] 2 ms
[TIME] 2 ms
[TIME] 2 ms
[TIME] 2 ms
[TIME] 2 ms
[TIME] 2 ms
[TIME] 1 ms
[TIME] 2 ms
[TIME] 2 ms
[TIME] 2 ms
[TIME] 3 ms
[TIME] 3 ms
[TIME] 2 ms
[TIME] 2 ms
[TIME] 1 ms
[TIME] 2 ms
[TIME] 2 ms
[TIME] 2 ms
[TIME] 2 ms
[TIME] 2 ms
[TIME] 1 ms
[TIME] 2 ms
[TIME] 2 ms
[TIME] 2 ms
[TIME] 2 ms
[TIME] 2 ms
[TIME] 2 ms
[TIME] 2 ms
[TIME] 2 ms
[TIME] 2 ms
[TIME] 2 ms
[TIME] 2 ms
[TIME] 2 ms
[TIME] 2 ms
[TIME] 2 ms
[TIME] 2 ms
[TIME] 2 ms
[TIME] 2 ms
[TIME] 2 ms
[TIME] 2 ms
[TIME] 2 ms
[TIME] 2 ms
[TIME] 2 ms
[TIME] 2 ms
[TIME] 2 ms
[TIME] 2 ms
[TIME] 2 ms
[TIME] 2 ms
[TIME] 2 ms
[TIME] 2 ms
[TIME] 2 ms
[TIME] 2 ms
[TIME] 2 ms
[TIME] 2 ms
[TIME] 2 ms
[TIME] 2 ms
[TIME] 2 ms
[TIME] 2 ms
[TIME] 2 ms
[TIME] 2 ms
[TIME] 2 ms
[TIME] 1 ms
[TIME] 2 ms
[TIME] 2 ms
[TIME] 2 ms
[TIME] 2 ms
[TIME] 2 ms
[TIME] 2 ms
[TIME] 2 ms
[TIME] 2 ms
[TIME] 2 ms
[TIME] 2 ms
[TIME] 1 ms
[TIME] 2 ms
[TIME] 2 ms
[TIME] 2 ms
[TIME] 2 ms
[TIME] 2 ms
[TIME] 2 ms
[TIME] 2 ms
[TIME] 2 ms
[TIME] 2 ms
[TIME] 2 ms
[TIME] 2 ms
[TIME] 2 ms
[TIME] 2 ms
[TIME] 3 ms
[TIME] 3 ms
[TIME] 2 ms
[TIME] 2 ms
[TIME] 2 ms
[TIME] 2 ms
[TIME] 2 ms
[TIME] 2 ms
[TIME] 2 ms
[TIME] 2 ms
[TIME] 2 ms
[TIME] 1 ms
[TIME] 1 ms
[TIME] 2 ms
[TIME] 1 ms
[TIME] 1 ms
[TIME] 1 ms
[TIME] 1 ms
[TIME] 1 ms
[TIME] 1 ms
[TIME] 2 ms
[TIME] 2 ms
[TIME] 2 ms
[TIME] 2 ms
[TIME] 2 ms
[TIME] 2 ms
Connection closed
